<?xml version="1.0" encoding="UTF-8"?>
<testng-results ignored="0" total="3" passed="3" failed="0" skipped="0">
  <reporter-output>
    <line>
      <![CDATA[Hello java]]>
    </line>
    <line>
      <![CDATA[Hello selenium]]>
    </line>
    <line>
      <![CDATA[Hello SQL]]>
    </line>
  </reporter-output>
  <suite started-at="2022-05-05T19:08:19 IST" name="Suite" finished-at="2022-05-05T19:08:19 IST" duration-ms="80">
    <groups>
    </groups>
    <test started-at="2022-05-05T19:08:19 IST" name="Test" finished-at="2022-05-05T19:08:19 IST" duration-ms="80">
      <class name="com.scripts.PQRTestCase2">
        <test-method signature="tc2()[pri:0, instance:com.scripts.PQRTestCase2@76f2bbc1]" started-at="2022-05-05T19:08:19 IST" name="tc2" finished-at="2022-05-05T19:08:19 IST" duration-ms="2" status="PASS">
          <reporter-output>
            <line>
              <![CDATA[Hello selenium]]>
            </line>
          </reporter-output>
        </test-method> <!-- tc2 -->
      </class> <!-- com.scripts.PQRTestCase2 -->
      <class name="com.scripts.PQRTestCase3">
        <test-method signature="tc3()[pri:0, instance:com.scripts.PQRTestCase3@68e965f5]" started-at="2022-05-05T19:08:19 IST" name="tc3" finished-at="2022-05-05T19:08:19 IST" duration-ms="3" status="PASS">
          <reporter-output>
            <line>
              <![CDATA[Hello SQL]]>
            </line>
          </reporter-output>
        </test-method> <!-- tc3 -->
      </class> <!-- com.scripts.PQRTestCase3 -->
      <class name="com.scripts.PQRTestCase1">
        <test-method signature="tc1()[pri:0, instance:com.scripts.PQRTestCase1@8317c52]" started-at="2022-05-05T19:08:19 IST" name="tc1" finished-at="2022-05-05T19:08:19 IST" duration-ms="13" status="PASS">
          <reporter-output>
            <line>
              <![CDATA[Hello java]]>
            </line>
          </reporter-output>
        </test-method> <!-- tc1 -->
      </class> <!-- com.scripts.PQRTestCase1 -->
    </test> <!-- Test -->
  </suite> <!-- Suite -->
</testng-results>
